#
# There is insufficient memory for the Java Runtime Environment to continue.
# Native memory allocation (malloc) failed to allocate 2048000 bytes for AllocateHeap
# Possible reasons:
#   The system is out of physical RAM or swap space
#   In 32 bit mode, the process size limit was hit
# Possible solutions:
#   Reduce memory load on the system
#   Increase physical memory or swap space
#   Check if swap backing store is full
#   Use 64 bit Java on a 64 bit OS
#   Decrease Java heap size (-Xmx/-Xms)
#   Decrease number of Java threads
#   Decrease Java thread stack sizes (-Xss)
#   Set larger code cache with -XX:ReservedCodeCacheSize=
# This output file may be truncated or incomplete.
#
#  Out of Memory Error (memory/allocation.inline.hpp:62), pid=13260, tid=6720
#
# JRE version: Java(TM) SE Runtime Environment (8.0_31-b13) (build 1.8.0_31-b13)
# Java VM: Java HotSpot(TM) 64-Bit Server VM (25.31-b07 mixed mode windows-amd64 compressed oops)
# Failed to write core dump. Minidumps are not enabled by default on client versions of Windows
#

---------------  T H R E A D  ---------------

Current thread (0x0000000015646800):  VMThread [stack: 0x00000000166d0000,0x00000000167d0000] [id=6720]

Stack: [0x00000000166d0000,0x00000000167d0000]
Native frames: (J=compiled Java code, j=interpreted, Vv=VM code, C=native code)
V  [jvm.dll+0x3169ba]
V  [jvm.dll+0x2674c3]
V  [jvm.dll+0x268103]
V  [jvm.dll+0x25f8f5]
V  [jvm.dll+0x2612ca]
V  [jvm.dll+0x431938]
V  [jvm.dll+0x679b3]
V  [jvm.dll+0x11a728]
V  [jvm.dll+0x8b610]
V  [jvm.dll+0x83275]
V  [jvm.dll+0x6795d]
V  [jvm.dll+0x5956c]
V  [jvm.dll+0x6d964]
V  [jvm.dll+0x3dd4ff]
V  [jvm.dll+0x3dea20]
V  [jvm.dll+0x3defbb]
V  [jvm.dll+0xa16e5]
V  [jvm.dll+0x27af06]
V  [jvm.dll+0x232997]
V  [jvm.dll+0x231bd6]
V  [jvm.dll+0x232071]
V  [jvm.dll+0x23228e]
V  [jvm.dll+0x28576a]
C  [msvcr100.dll+0x21d9f]
C  [msvcr100.dll+0x21e3b]
C  [KERNEL32.DLL+0x12774]
C  [ntdll.dll+0x70d51]

VM_Operation (0x00000000265782d0): CollectForMetadataAllocation, mode: safepoint, requested by thread 0x000000001a42c800


---------------  P R O C E S S  ---------------

Java Threads: ( => current thread )
  0x000000001a42c800 JavaThread "localhost-startStop-1" daemon [_thread_blocked, id=13572, stack(0x0000000026480000,0x0000000026580000)]
  0x000000001a430800 JavaThread "Tomcat-startStop-1" daemon [_thread_blocked, id=17852, stack(0x0000000026380000,0x0000000026480000)]
  0x000000001a430000 JavaThread "NioBlockingSelector.BlockPoller-12" daemon [_thread_blocked, id=20180, stack(0x0000000026280000,0x0000000026380000)]
  0x000000001a429000 JavaThread "NioBlockingSelector.BlockPoller-11" daemon [_thread_blocked, id=16980, stack(0x0000000026180000,0x0000000026280000)]
  0x000000001a433800 JavaThread "Abandoned connection cleanup thread" daemon [_thread_blocked, id=8916, stack(0x0000000026080000,0x0000000026180000)]
  0x000000001a42e800 JavaThread "Keep-Alive-Timer" daemon [_thread_blocked, id=20360, stack(0x0000000025880000,0x0000000025980000)]
  0x000000001a42d800 JavaThread "Abandoned connection cleanup thread" daemon [_thread_blocked, id=7700, stack(0x0000000025380000,0x0000000025480000)]
  0x000000001a42c000 JavaThread "C3P0PooledConnectionPoolManager[identityToken->1hgevi99pw2nbh91y2uy7x|6dd6b1bd]-HelperThread-#2" daemon [_thread_blocked, id=1000, stack(0x0000000025280000,0x0000000025380000)]
  0x000000001a42a800 JavaThread "C3P0PooledConnectionPoolManager[identityToken->1hgevi99pw2nbh91y2uy7x|6dd6b1bd]-HelperThread-#1" daemon [_thread_blocked, id=7412, stack(0x0000000025180000,0x0000000025280000)]
  0x000000001a428000 JavaThread "C3P0PooledConnectionPoolManager[identityToken->1hgevi99pw2nbh91y2uy7x|6dd6b1bd]-HelperThread-#0" daemon [_thread_blocked, id=13184, stack(0x0000000025080000,0x0000000025180000)]
  0x000000001a42f000 JavaThread "C3P0PooledConnectionPoolManager[identityToken->1hgevi99pw2nbh91y2uy7x|6dd6b1bd]-AdminTaskTimer" daemon [_thread_blocked, id=7704, stack(0x0000000024f80000,0x0000000025080000)]
  0x000000001779b800 JavaThread "Abandoned connection cleanup thread" daemon [_thread_blocked, id=11576, stack(0x0000000023b80000,0x0000000023c80000)]
  0x0000000018b59800 JavaThread "C3P0PooledConnectionPoolManager[identityToken->1hgevi99pw2mns71xh0u66|35f4a2db]-HelperThread-#2" daemon [_thread_blocked, id=5212, stack(0x0000000023a80000,0x0000000023b80000)]
  0x0000000018b51000 JavaThread "C3P0PooledConnectionPoolManager[identityToken->1hgevi99pw2mns71xh0u66|35f4a2db]-HelperThread-#1" daemon [_thread_blocked, id=18508, stack(0x0000000023980000,0x0000000023a80000)]
  0x0000000018b58000 JavaThread "C3P0PooledConnectionPoolManager[identityToken->1hgevi99pw2mns71xh0u66|35f4a2db]-HelperThread-#0" daemon [_thread_blocked, id=11260, stack(0x0000000023880000,0x0000000023980000)]
  0x0000000018b4c800 JavaThread "C3P0PooledConnectionPoolManager[identityToken->1hgevi99pw2mns71xh0u66|35f4a2db]-AdminTaskTimer" daemon [_thread_blocked, id=15804, stack(0x0000000023780000,0x0000000023880000)]
  0x0000000018b56800 JavaThread "Abandoned connection cleanup thread" daemon [_thread_blocked, id=8484, stack(0x0000000022980000,0x0000000022a80000)]
  0x0000000018b52800 JavaThread "C3P0PooledConnectionPoolManager[identityToken->1hgevi99pw26gq41vgdufh|6e0c21b7]-HelperThread-#2" daemon [_thread_blocked, id=1656, stack(0x0000000021780000,0x0000000021880000)]
  0x0000000018b4f800 JavaThread "C3P0PooledConnectionPoolManager[identityToken->1hgevi99pw26gq41vgdufh|6e0c21b7]-HelperThread-#1" daemon [_thread_blocked, id=8664, stack(0x0000000021680000,0x0000000021780000)]
  0x0000000018b55800 JavaThread "C3P0PooledConnectionPoolManager[identityToken->1hgevi99pw26gq41vgdufh|6e0c21b7]-HelperThread-#0" daemon [_thread_blocked, id=6756, stack(0x0000000021580000,0x0000000021680000)]
  0x0000000018b52000 JavaThread "C3P0PooledConnectionPoolManager[identityToken->1hgevi99pw26gq41vgdufh|6e0c21b7]-AdminTaskTimer" daemon [_thread_blocked, id=15900, stack(0x0000000021480000,0x0000000021580000)]
  0x000000001779a800 JavaThread "Abandoned connection cleanup thread" daemon [_thread_blocked, id=324, stack(0x0000000020080000,0x0000000020180000)]
  0x000000001852b800 JavaThread "SeedGenerator Thread" daemon [_thread_blocked, id=2908, stack(0x000000001ada0000,0x000000001aea0000)]
  0x0000000016d2b000 JavaThread "Service Thread" daemon [_thread_blocked, id=15412, stack(0x00000000172d0000,0x00000000173d0000)]
  0x0000000016d26000 JavaThread "C1 CompilerThread2" daemon [_thread_blocked, id=2496, stack(0x00000000171d0000,0x00000000172d0000)]
  0x0000000016d22800 JavaThread "C2 CompilerThread1" daemon [_thread_blocked, id=6064, stack(0x00000000170d0000,0x00000000171d0000)]
  0x00000000156dd800 JavaThread "C2 CompilerThread0" daemon [_thread_blocked, id=5508, stack(0x0000000016bd0000,0x0000000016cd0000)]
  0x00000000156db800 JavaThread "Attach Listener" daemon [_thread_blocked, id=10208, stack(0x0000000016ad0000,0x0000000016bd0000)]
  0x0000000015691000 JavaThread "Signal Dispatcher" daemon [_thread_blocked, id=14584, stack(0x00000000169d0000,0x0000000016ad0000)]
  0x00000000030f1800 JavaThread "Finalizer" daemon [_thread_blocked, id=10744, stack(0x00000000168d0000,0x00000000169d0000)]
  0x0000000015648800 JavaThread "Reference Handler" daemon [_thread_blocked, id=17848, stack(0x00000000167d0000,0x00000000168d0000)]
  0x0000000002ffe800 JavaThread "main" [_thread_blocked, id=292, stack(0x0000000002e90000,0x0000000002f90000)]

Other Threads:
=>0x0000000015646800 VMThread [stack: 0x00000000166d0000,0x00000000167d0000] [id=6720]
  0x0000000016d3e000 WatcherThread [stack: 0x00000000173d0000,0x00000000174d0000] [id=3808]

VM state:at safepoint (normal execution)

VM Mutex/Monitor currently owned by a thread:  ([mutex/lock_event])
[0x0000000003000550] Threads_lock - owner thread: 0x0000000015646800
[0x0000000003000a50] Heap_lock - owner thread: 0x000000001a42c800

Heap:
 PSYoungGen      total 275456K, used 30476K [0x00000000eb600000, 0x0000000100000000, 0x0000000100000000)
  eden space 212992K, 0% used [0x00000000eb600000,0x00000000eb600000,0x00000000f8600000)
  from space 62464K, 48% used [0x00000000f8600000,0x00000000fa3c32d0,0x00000000fc300000)
  to   space 59904K, 0% used [0x00000000fc580000,0x00000000fc580000,0x0000000100000000)
 ParOldGen       total 109056K, used 39128K [0x00000000c2200000, 0x00000000c8c80000, 0x00000000eb600000)
  object space 109056K, 35% used [0x00000000c2200000,0x00000000c4836198,0x00000000c8c80000)
 Metaspace       used 91075K, capacity 92512K, committed 93080K, reserved 1136640K
  class space    used 11153K, capacity 11624K, committed 11672K, reserved 1048576K

Card table byte_map: [0x00000000124c0000,0x00000000126b0000] byte_map_base: 0x0000000011eaf000

Marking Bits: (ParMarkBitMap*) 0x00000000728ed4f0
 Begin Bits: [0x0000000012c00000, 0x0000000013b78000)
 End Bits:   [0x0000000013b78000, 0x0000000014af0000)

Polling page: 0x0000000001190000

CodeCache: size=245760Kb used=32805Kb max_used=32805Kb free=212954Kb
 bounds [0x0000000003100000, 0x0000000005140000, 0x0000000012100000]
 total_blobs=9007 nmethods=8224 adapters=694
 compilation: enabled

Compilation events (10 events):
Event: 826.937 Thread 0x0000000016d26000 9785       3       sun.misc.URLClassPath$2::<init> (30 bytes)
Event: 826.938 Thread 0x0000000016d26000 nmethod 9785 0x000000000512b950 code [0x000000000512baa0, 0x000000000512bc90]
Event: 826.999 Thread 0x0000000016d26000 9786   !   3       org.springframework.util.ConcurrentReferenceHashMap$Segment::restructureIfNecessary (335 bytes)
Event: 827.002 Thread 0x0000000016d26000 nmethod 9786 0x000000000512bd50 code [0x000000000512c160, 0x000000000512ede8]
Event: 827.002 Thread 0x0000000016d26000 9787       3       org.springframework.util.ConcurrentReferenceHashMap$ReferenceManager::pollForPurge (11 bytes)
Event: 827.003 Thread 0x0000000016d26000 nmethod 9787 0x0000000005130a50 code [0x0000000005130be0, 0x0000000005131128]
Event: 827.026 Thread 0x0000000016d26000 9788       3       java.util.concurrent.CopyOnWriteArrayList::indexOf (63 bytes)
Event: 827.026 Thread 0x0000000016d26000 nmethod 9788 0x00000000051312d0 code [0x0000000005131460, 0x0000000005131908]
Event: 827.026 Thread 0x0000000016d26000 9789       3       java.io.FilterOutputStream::write (9 bytes)
Event: 827.027 Thread 0x0000000016d26000 nmethod 9789 0x0000000005131b50 code [0x0000000005131cc0, 0x0000000005131ee8]

GC Heap History (10 events):
Event: 811.040 GC heap after
Heap after GC invocations=22 (full 3):
 PSYoungGen      total 262656K, used 40632K [0x00000000eb600000, 0x0000000100000000, 0x0000000100000000)
  eden space 220672K, 0% used [0x00000000eb600000,0x00000000eb600000,0x00000000f8d80000)
  from space 41984K, 96% used [0x00000000f8d80000,0x00000000fb52e1f0,0x00000000fb680000)
  to   space 47616K, 0% used [0x00000000fd180000,0x00000000fd180000,0x0000000100000000)
 ParOldGen       total 109056K, used 39096K [0x00000000c2200000, 0x00000000c8c80000, 0x00000000eb600000)
  object space 109056K, 35% used [0x00000000c2200000,0x00000000c482e198,0x00000000c8c80000)
 Metaspace       used 75605K, capacity 76808K, committed 77336K, reserved 1118208K
  class space    used 9062K, capacity 9488K, committed 9496K, reserved 1048576K
}
Event: 816.693 GC heap before
{Heap before GC invocations=23 (full 3):
 PSYoungGen      total 262656K, used 261304K [0x00000000eb600000, 0x0000000100000000, 0x0000000100000000)
  eden space 220672K, 100% used [0x00000000eb600000,0x00000000f8d80000,0x00000000f8d80000)
  from space 41984K, 96% used [0x00000000f8d80000,0x00000000fb52e1f0,0x00000000fb680000)
  to   space 47616K, 0% used [0x00000000fd180000,0x00000000fd180000,0x0000000100000000)
 ParOldGen       total 109056K, used 39096K [0x00000000c2200000, 0x00000000c8c80000, 0x00000000eb600000)
  object space 109056K, 35% used [0x00000000c2200000,0x00000000c482e198,0x00000000c8c80000)
 Metaspace       used 81643K, capacity 82886K, committed 83480K, reserved 1122304K
  class space    used 9825K, capacity 10246K, committed 10264K, reserved 1048576K
Event: 816.739 GC heap after
Heap after GC invocations=23 (full 3):
 PSYoungGen      total 284160K, used 38283K [0x00000000eb600000, 0x0000000100000000, 0x0000000100000000)
  eden space 236544K, 0% used [0x00000000eb600000,0x00000000eb600000,0x00000000f9d00000)
  from space 47616K, 80% used [0x00000000fd180000,0x00000000ff6e2f78,0x0000000100000000)
  to   space 50688K, 0% used [0x00000000f9d00000,0x00000000f9d00000,0x00000000fce80000)
 ParOldGen       total 109056K, used 39104K [0x00000000c2200000, 0x00000000c8c80000, 0x00000000eb600000)
  object space 109056K, 35% used [0x00000000c2200000,0x00000000c4830198,0x00000000c8c80000)
 Metaspace       used 81643K, capacity 82886K, committed 83480K, reserved 1122304K
  class space    used 9825K, capacity 10246K, committed 10264K, reserved 1048576K
}
Event: 823.315 GC heap before
{Heap before GC invocations=24 (full 3):
 PSYoungGen      total 284160K, used 274827K [0x00000000eb600000, 0x0000000100000000, 0x0000000100000000)
  eden space 236544K, 100% used [0x00000000eb600000,0x00000000f9d00000,0x00000000f9d00000)
  from space 47616K, 80% used [0x00000000fd180000,0x00000000ff6e2f78,0x0000000100000000)
  to   space 50688K, 0% used [0x00000000f9d00000,0x00000000f9d00000,0x00000000fce80000)
 ParOldGen       total 109056K, used 39104K [0x00000000c2200000, 0x00000000c8c80000, 0x00000000eb600000)
  object space 109056K, 35% used [0x00000000c2200000,0x00000000c4830198,0x00000000c8c80000)
 Metaspace       used 88483K, capacity 89866K, committed 90648K, reserved 1128448K
  class space    used 10764K, capacity 11220K, committed 11288K, reserved 1048576K
Event: 823.358 GC heap after
Heap after GC invocations=24 (full 3):
 PSYoungGen      total 282624K, used 45575K [0x00000000eb600000, 0x0000000100000000, 0x0000000100000000)
  eden space 236544K, 0% used [0x00000000eb600000,0x00000000eb600000,0x00000000f9d00000)
  from space 46080K, 98% used [0x00000000f9d00000,0x00000000fc981cf8,0x00000000fca00000)
  to   space 55296K, 0% used [0x00000000fca00000,0x00000000fca00000,0x0000000100000000)
 ParOldGen       total 109056K, used 39112K [0x00000000c2200000, 0x00000000c8c80000, 0x00000000eb600000)
  object space 109056K, 35% used [0x00000000c2200000,0x00000000c4832198,0x00000000c8c80000)
 Metaspace       used 88483K, capacity 89866K, committed 90648K, reserved 1128448K
  class space    used 10764K, capacity 11220K, committed 11288K, reserved 1048576K
}
Event: 826.479 GC heap before
{Heap before GC invocations=25 (full 3):
 PSYoungGen      total 282624K, used 282119K [0x00000000eb600000, 0x0000000100000000, 0x0000000100000000)
  eden space 236544K, 100% used [0x00000000eb600000,0x00000000f9d00000,0x00000000f9d00000)
  from space 46080K, 98% used [0x00000000f9d00000,0x00000000fc981cf8,0x00000000fca00000)
  to   space 55296K, 0% used [0x00000000fca00000,0x00000000fca00000,0x0000000100000000)
 ParOldGen       total 109056K, used 39112K [0x00000000c2200000, 0x00000000c8c80000, 0x00000000eb600000)
  object space 109056K, 35% used [0x00000000c2200000,0x00000000c4832198,0x00000000c8c80000)
 Metaspace       used 89823K, capacity 91216K, committed 91928K, reserved 1130496K
  class space    used 10979K, capacity 11426K, committed 11544K, reserved 1048576K
Event: 826.522 GC heap after
Heap after GC invocations=25 (full 3):
 PSYoungGen      total 268288K, used 51897K [0x00000000eb600000, 0x0000000100000000, 0x0000000100000000)
  eden space 212992K, 0% used [0x00000000eb600000,0x00000000eb600000,0x00000000f8600000)
  from space 55296K, 93% used [0x00000000fca00000,0x00000000ffcae460,0x0000000100000000)
  to   space 62464K, 0% used [0x00000000f8600000,0x00000000f8600000,0x00000000fc300000)
 ParOldGen       total 109056K, used 39120K [0x00000000c2200000, 0x00000000c8c80000, 0x00000000eb600000)
  object space 109056K, 35% used [0x00000000c2200000,0x00000000c4834198,0x00000000c8c80000)
 Metaspace       used 89823K, capacity 91216K, committed 91928K, reserved 1130496K
  class space    used 10979K, capacity 11426K, committed 11544K, reserved 1048576K
}
Event: 827.048 GC heap before
{Heap before GC invocations=26 (full 3):
 PSYoungGen      total 268288K, used 120723K [0x00000000eb600000, 0x0000000100000000, 0x0000000100000000)
  eden space 212992K, 32% used [0x00000000eb600000,0x00000000ef936b08,0x00000000f8600000)
  from space 55296K, 93% used [0x00000000fca00000,0x00000000ffcae460,0x0000000100000000)
  to   space 62464K, 0% used [0x00000000f8600000,0x00000000f8600000,0x00000000fc300000)
 ParOldGen       total 109056K, used 39120K [0x00000000c2200000, 0x00000000c8c80000, 0x00000000eb600000)
  object space 109056K, 35% used [0x00000000c2200000,0x00000000c4834198,0x00000000c8c80000)
 Metaspace       used 91075K, capacity 92512K, committed 93080K, reserved 1136640K
  class space    used 11153K, capacity 11624K, committed 11672K, reserved 1048576K
Event: 827.072 GC heap after
Heap after GC invocations=26 (full 3):
 PSYoungGen      total 275456K, used 30476K [0x00000000eb600000, 0x0000000100000000, 0x0000000100000000)
  eden space 212992K, 0% used [0x00000000eb600000,0x00000000eb600000,0x00000000f8600000)
  from space 62464K, 48% used [0x00000000f8600000,0x00000000fa3c32d0,0x00000000fc300000)
  to   space 59904K, 0% used [0x00000000fc580000,0x00000000fc580000,0x0000000100000000)
 ParOldGen       total 109056K, used 39128K [0x00000000c2200000, 0x00000000c8c80000, 0x00000000eb600000)
  object space 109056K, 35% used [0x00000000c2200000,0x00000000c4836198,0x00000000c8c80000)
 Metaspace       used 91075K, capacity 92512K, committed 93080K, reserved 1136640K
  class space    used 11153K, capacity 11624K, committed 11672K, reserved 1048576K
}
Event: 827.072 GC heap before
{Heap before GC invocations=27 (full 4):
 PSYoungGen      total 275456K, used 30476K [0x00000000eb600000, 0x0000000100000000, 0x0000000100000000)
  eden space 212992K, 0% used [0x00000000eb600000,0x00000000eb600000,0x00000000f8600000)
  from space 62464K, 48% used [0x00000000f8600000,0x00000000fa3c32d0,0x00000000fc300000)
  to   space 59904K, 0% used [0x00000000fc580000,0x00000000fc580000,0x0000000100000000)
 ParOldGen       total 109056K, used 39128K [0x00000000c2200000, 0x00000000c8c80000, 0x00000000eb600000)
  object space 109056K, 35% used [0x00000000c2200000,0x00000000c4836198,0x00000000c8c80000)
 Metaspace       used 91075K, capacity 92512K, committed 93080K, reserved 1136640K
  class space    used 11153K, capacity 11624K, committed 11672K, reserved 1048576K

Deoptimization events (10 events):
Event: 801.108 Thread 0x0000000018b50800 Uncommon trap: reason=array_check action=maybe_recompile pc=0x0000000004d12b70 method=java.util.TimSort.binarySort([Ljava/lang/Object;IIILjava/util/Comparator;)V @ 183
Event: 806.242 Thread 0x000000001779d000 Uncommon trap: reason=class_check action=maybe_recompile pc=0x0000000003c2ff94 method=org.apache.catalina.startup.ContextConfig.populateJavaClassCache(Ljava/lang/String;)V @ 157
Event: 810.654 Thread 0x000000001779d000 Uncommon trap: reason=unloaded action=reinterpret pc=0x0000000004deea10 method=org.springframework.util.ConcurrentReferenceHashMap$Segment.restructureIfNecessary(Z)V @ 312
Event: 813.362 Thread 0x000000001779d000 Uncommon trap: reason=class_check action=maybe_recompile pc=0x0000000003a9eb94 method=java.lang.reflect.Array.newInstance(Ljava/lang/Class;I)Ljava/lang/Object; @ 2
Event: 813.364 Thread 0x000000001779d000 Uncommon trap: reason=class_check action=maybe_recompile pc=0x0000000003a9eb94 method=java.lang.reflect.Array.newInstance(Ljava/lang/Class;I)Ljava/lang/Object; @ 2
Event: 813.364 Thread 0x000000001779d000 Uncommon trap: reason=class_check action=maybe_recompile pc=0x0000000003a9eb94 method=java.lang.reflect.Array.newInstance(Ljava/lang/Class;I)Ljava/lang/Object; @ 2
Event: 813.365 Thread 0x000000001779d000 Uncommon trap: reason=class_check action=maybe_recompile pc=0x0000000003a9eb94 method=java.lang.reflect.Array.newInstance(Ljava/lang/Class;I)Ljava/lang/Object; @ 2
Event: 816.239 Thread 0x000000001a42c800 Uncommon trap: reason=class_check action=maybe_recompile pc=0x0000000003c2ff94 method=org.apache.catalina.startup.ContextConfig.populateJavaClassCache(Ljava/lang/String;)V @ 157
Event: 817.672 Thread 0x000000001a42c800 Uncommon trap: reason=null_check action=make_not_entrant pc=0x0000000004ee7f58 method=java.lang.reflect.Array.newInstance(Ljava/lang/Class;I)Ljava/lang/Object; @ 2
Event: 820.596 Thread 0x000000001a42c800 Uncommon trap: reason=unloaded action=reinterpret pc=0x0000000004faafd8 method=org.springframework.util.ConcurrentReferenceHashMap$Segment.restructureIfNecessary(Z)V @ 312

Internal exceptions (10 events):
Event: 827.045 Thread 0x000000001a42c800 Exception <a 'java/security/PrivilegedActionException'> (0x00000000ef853e88) thrown at [C:\workspace\8-2-build-windows-amd64-cygwin\jdk8u31\2394\hotspot\src\share\vm\prims\jvm.cpp, line 1312]
Event: 827.046 Thread 0x000000001a42c800 Exception <a 'java/security/PrivilegedActionException'> (0x00000000ef859418) thrown at [C:\workspace\8-2-build-windows-amd64-cygwin\jdk8u31\2394\hotspot\src\share\vm\prims\jvm.cpp, line 1312]
Event: 827.046 Thread 0x000000001a42c800 Exception <a 'java/security/PrivilegedActionException'> (0x00000000ef85b218) thrown at [C:\workspace\8-2-build-windows-amd64-cygwin\jdk8u31\2394\hotspot\src\share\vm\prims\jvm.cpp, line 1312]
Event: 827.046 Thread 0x000000001a42c800 Exception <a 'java/security/PrivilegedActionException'> (0x00000000ef85b9c8) thrown at [C:\workspace\8-2-build-windows-amd64-cygwin\jdk8u31\2394\hotspot\src\share\vm\prims\jvm.cpp, line 1312]
Event: 827.046 Thread 0x000000001a42c800 Exception <a 'java/security/PrivilegedActionException'> (0x00000000ef8611d8) thrown at [C:\workspace\8-2-build-windows-amd64-cygwin\jdk8u31\2394\hotspot\src\share\vm\prims\jvm.cpp, line 1312]
Event: 827.046 Thread 0x000000001a42c800 Exception <a 'java/security/PrivilegedActionException'> (0x00000000ef8636a0) thrown at [C:\workspace\8-2-build-windows-amd64-cygwin\jdk8u31\2394\hotspot\src\share\vm\prims\jvm.cpp, line 1312]
Event: 827.046 Thread 0x000000001a42c800 Exception <a 'java/security/PrivilegedActionException'> (0x00000000ef863b88) thrown at [C:\workspace\8-2-build-windows-amd64-cygwin\jdk8u31\2394\hotspot\src\share\vm\prims\jvm.cpp, line 1312]
Event: 827.047 Thread 0x000000001a42c800 Exception <a 'java/security/PrivilegedActionException'> (0x00000000ef8792e8) thrown at [C:\workspace\8-2-build-windows-amd64-cygwin\jdk8u31\2394\hotspot\src\share\vm\prims\jvm.cpp, line 1312]
Event: 827.047 Thread 0x000000001a42c800 Exception <a 'java/security/PrivilegedActionException'> (0x00000000ef87b6f8) thrown at [C:\workspace\8-2-build-windows-amd64-cygwin\jdk8u31\2394\hotspot\src\share\vm\prims\jvm.cpp, line 1312]
Event: 827.048 Thread 0x000000001a42c800 Exception <a 'java/security/PrivilegedActionException'> (0x00000000ef87bee0) thrown at [C:\workspace\8-2-build-windows-amd64-cygwin\jdk8u31\2394\hotspot\src\share\vm\prims\jvm.cpp, line 1312]

Events (10 events):
Event: 827.045 loading class org/springframework/beans/BeanWrapper done
Event: 827.045 loading class org/springframework/beans/ConfigurablePropertyAccessor
Event: 827.045 loading class org/springframework/beans/ConfigurablePropertyAccessor done
Event: 827.046 loading class org/springframework/beans/PropertyAccessor
Event: 827.046 loading class org/springframework/beans/PropertyAccessor done
Event: 827.046 loading class org/springframework/beans/factory/support/AbstractBeanDefinition
Event: 827.046 loading class org/springframework/beans/factory/support/AbstractBeanDefinition done
Event: 827.047 loading class org/springframework/beans/BeanMetadataAttributeAccessor
Event: 827.047 loading class org/springframework/beans/BeanMetadataAttributeAccessor done
Event: 827.048 Executing VM operation: CollectForMetadataAllocation


Dynamic libraries:
0x00007ff741550000 - 0x00007ff741584000 	C:\Program Files\Java\jdk1.8.0_31\bin\java.exe
0x00007ffd7f920000 - 0x00007ffd7fafb000 	C:\WINDOWS\SYSTEM32\ntdll.dll
0x00007ffd7f230000 - 0x00007ffd7f2de000 	C:\WINDOWS\System32\KERNEL32.DLL
0x00007ffd7c780000 - 0x00007ffd7c9c9000 	C:\WINDOWS\System32\KERNELBASE.dll
0x00007ffd7d2f0000 - 0x00007ffd7d391000 	C:\WINDOWS\System32\ADVAPI32.dll
0x00007ffd7d3a0000 - 0x00007ffd7d43d000 	C:\WINDOWS\System32\msvcrt.dll
0x00007ffd7db40000 - 0x00007ffd7db99000 	C:\WINDOWS\System32\sechost.dll
0x00007ffd7d7c0000 - 0x00007ffd7d8e5000 	C:\WINDOWS\System32\RPCRT4.dll
0x00007ffd7d440000 - 0x00007ffd7d58a000 	C:\WINDOWS\System32\USER32.dll
0x00007ffd7beb0000 - 0x00007ffd7bece000 	C:\WINDOWS\System32\win32u.dll
0x00007ffd7d9c0000 - 0x00007ffd7d9e7000 	C:\WINDOWS\System32\GDI32.dll
0x00007ffd7cb20000 - 0x00007ffd7cca8000 	C:\WINDOWS\System32\gdi32full.dll
0x00007ffd7c9d0000 - 0x00007ffd7ca6a000 	C:\WINDOWS\System32\msvcp_win.dll
0x00007ffd7bed0000 - 0x00007ffd7bfc6000 	C:\WINDOWS\System32\ucrtbase.dll
0x00007ffd705a0000 - 0x00007ffd70807000 	C:\WINDOWS\WinSxS\amd64_microsoft.windows.common-controls_6595b64144ccf1df_6.0.15063.483_none_26002d27e7c744a2\COMCTL32.dll
0x00007ffd7f360000 - 0x00007ffd7f659000 	C:\WINDOWS\System32\combase.dll
0x00007ffd7be40000 - 0x00007ffd7beaa000 	C:\WINDOWS\System32\bcryptPrimitives.dll
0x00007ffd7ce80000 - 0x00007ffd7cead000 	C:\WINDOWS\System32\IMM32.DLL
0x0000000072030000 - 0x0000000072102000 	C:\Program Files\Java\jdk1.8.0_31\jre\bin\msvcr100.dll
0x0000000072110000 - 0x000000007296a000 	C:\Program Files\Java\jdk1.8.0_31\jre\bin\server\jvm.dll
0x00007ffd7d950000 - 0x00007ffd7d958000 	C:\WINDOWS\System32\PSAPI.DLL
0x00007ffd78720000 - 0x00007ffd78729000 	C:\WINDOWS\SYSTEM32\WSOCK32.dll
0x00007ffd7f1c0000 - 0x00007ffd7f22c000 	C:\WINDOWS\System32\WS2_32.dll
0x00007ffd7a140000 - 0x00007ffd7a163000 	C:\WINDOWS\SYSTEM32\WINMM.dll
0x00007ffd79e80000 - 0x00007ffd79eab000 	C:\WINDOWS\SYSTEM32\WINMMBASE.dll
0x00007ffd7bfd0000 - 0x00007ffd7c019000 	C:\WINDOWS\System32\cfgmgr32.dll
0x0000000073b40000 - 0x0000000073b4f000 	C:\Program Files\Java\jdk1.8.0_31\jre\bin\verify.dll
0x0000000073b10000 - 0x0000000073b38000 	C:\Program Files\Java\jdk1.8.0_31\jre\bin\java.dll
0x0000000072c70000 - 0x0000000072c86000 	C:\Program Files\Java\jdk1.8.0_31\jre\bin\zip.dll
0x00007ffd7dc00000 - 0x00007ffd7f037000 	C:\WINDOWS\System32\SHELL32.dll
0x00007ffd7f100000 - 0x00007ffd7f1aa000 	C:\WINDOWS\System32\shcore.dll
0x00007ffd7c080000 - 0x00007ffd7c772000 	C:\WINDOWS\System32\windows.storage.dll
0x00007ffd7d960000 - 0x00007ffd7d9b1000 	C:\WINDOWS\System32\shlwapi.dll
0x00007ffd7be00000 - 0x00007ffd7be11000 	C:\WINDOWS\System32\kernel.appcore.dll
0x00007ffd7bdb0000 - 0x00007ffd7bdfc000 	C:\WINDOWS\System32\powrprof.dll
0x00007ffd7bd90000 - 0x00007ffd7bda5000 	C:\WINDOWS\System32\profapi.dll
0x0000000072c50000 - 0x0000000072c6a000 	C:\Program Files\Java\jdk1.8.0_31\jre\bin\net.dll
0x00007ffd7b640000 - 0x00007ffd7b69c000 	C:\WINDOWS\system32\mswsock.dll
0x00007ffd6c4c0000 - 0x00007ffd6c4d6000 	C:\WINDOWS\system32\napinsp.dll
0x00007ffd6c4a0000 - 0x00007ffd6c4ba000 	C:\WINDOWS\system32\pnrpnsp.dll
0x00007ffd78bb0000 - 0x00007ffd78bc8000 	C:\WINDOWS\system32\NLAapi.dll
0x00007ffd7b420000 - 0x00007ffd7b4c4000 	C:\WINDOWS\SYSTEM32\DNSAPI.dll
0x00007ffd7f770000 - 0x00007ffd7f778000 	C:\WINDOWS\System32\NSI.dll
0x00007ffd7b3e0000 - 0x00007ffd7b417000 	C:\WINDOWS\SYSTEM32\IPHLPAPI.DLL
0x00007ffd6c490000 - 0x00007ffd6c49e000 	C:\WINDOWS\System32\winrnr.dll
0x0000000073ac0000 - 0x0000000073ae6000 	C:\Program Files\Bonjour\mdnsNSP.dll
0x00007ffd6c5a0000 - 0x00007ffd6c5aa000 	C:\Windows\System32\rasadhlp.dll
0x00007ffd71210000 - 0x00007ffd7127b000 	C:\WINDOWS\System32\fwpuclnt.dll
0x00007ffd7bc60000 - 0x00007ffd7bc85000 	C:\WINDOWS\SYSTEM32\bcrypt.dll
0x0000000073b60000 - 0x0000000073b6d000 	C:\Program Files\Java\jdk1.8.0_31\jre\bin\management.dll
0x0000000072c30000 - 0x0000000072c41000 	C:\Program Files\Java\jdk1.8.0_31\jre\bin\nio.dll
0x00007ffd7b7e0000 - 0x00007ffd7b7f7000 	C:\WINDOWS\SYSTEM32\CRYPTSP.dll
0x00007ffd7b260000 - 0x00007ffd7b294000 	C:\WINDOWS\system32\rsaenh.dll
0x00007ffd7bcc0000 - 0x00007ffd7bce9000 	C:\WINDOWS\SYSTEM32\USERENV.dll
0x00007ffd7b800000 - 0x00007ffd7b80b000 	C:\WINDOWS\SYSTEM32\CRYPTBASE.dll
0x0000000072c00000 - 0x0000000072c24000 	C:\Program Files\Java\jdk1.8.0_31\jre\bin\sunec.dll
0x00007ffd73b70000 - 0x00007ffd73b86000 	C:\WINDOWS\SYSTEM32\dhcpcsvc6.DLL
0x00007ffd73d40000 - 0x00007ffd73d5a000 	C:\WINDOWS\SYSTEM32\dhcpcsvc.DLL
0x00007ffd6d200000 - 0x00007ffd6d3a9000 	C:\WINDOWS\SYSTEM32\dbghelp.dll

VM Arguments:
jvm_args: -Djava.security.egd=file:/dev/./urandom -Dfile.encoding=GBK -Duser.country=CN -Duser.language=zh -Duser.variant 
java_command: org.akhikhl.gretty.Runner --servicePort=61702 --statusPort=61703 --serverManagerFactory=org.akhikhl.gretty.ServerManagerFactory
java_class_path (initial): C:\Users\Administrator\.gradle\caches\modules-2\files-2.1\org.akhikhl.gretty\gretty-runner-tomcat8\1.2.4\9e27791cc4dbc4a98a55987b1696d88699a9fe9d\gretty-runner-tomcat8-1.2.4.jar;C:\Users\Administrator\.gradle\caches\modules-2\files-2.1\org.akhikhl.gretty\gretty-runner-tomcat\1.2.4\684a21495f5f9c71dab0e7755c074f74716cd966\gretty-runner-tomcat-1.2.4.jar;C:\Users\Administrator\.gradle\caches\modules-2\files-2.1\org.apache.tomcat.embed\tomcat-embed-jasper\8.0.23\6119e0c41a0685540b874ee76b469fc2e8a0b9c4\tomcat-embed-jasper-8.0.23.jar;C:\Users\Administrator\.gradle\caches\modules-2\files-2.1\org.apache.tomcat.embed\tomcat-embed-el\8.0.23\5a1ca084156665968232112b6606c0b259213aab\tomcat-embed-el-8.0.23.jar;C:\Users\Administrator\.gradle\caches\modules-2\files-2.1\org.apache.tomcat.embed\tomcat-embed-core\8.0.23\79dc3aea4f447392ab0bdc1359c31a931cd307d6\tomcat-embed-core-8.0.23.jar;C:\Users\Administrator\.gradle\caches\modules-2\files-2.1\org.apache.tomcat.embed\tomcat-embed-websocket\8.0.23\839167a26dec5dcef85fb19e2e429878b7215293\tomcat-embed-websocket-8.0.23.jar;C:\Users\Administrator\.gradle\caches\modules-2\files-2.1\javax.servlet\javax.servlet-api\3.1.0\3cd63d075497751784b2fa84be59432f4905bf7c\javax.servlet-api-3.1.0.jar;C:\Users\Administrator\.gradle\caches\modules-2\files-2.1\org.apache.tomcat.embed\tomcat-embed-logging-log4j\8.0.23\2fb320eef46f9833f727220e7d7db5cfcfcc815c\tomcat-embed-logging-log4j-8.0.23.jar;C:\Users\Administrator\.gradle\caches\modules-2\files-2.1\org.slf4j\log4j-over-slf4j\1.7.12\d2444c9c7c1923304c25f86c5ee83a79a8166205\log4j-over-slf4j-1.7.12.jar;C:\Users\Administrator\.gradle\caches\modules-2\files-2.1\org.akhikhl.gretty\gretty-runner\1.2.4\50723962cab2246f6fdaa256a27e90181bb03815\gretty-runner-1.2.4.jar;C:\Users\Administrator\.gradle\caches\modules-2\files-2.1\org.eclipse.jdt.core.compiler\ecj\4.4.2\71d67f5bab9465ec844596ef844f40902ae25392\ecj-4.4.2.jar;C:\Users\Administrator\.gradle\caches\modules-2\files-2.1\org.s
Launcher Type: SUN_STANDARD

Environment Variables:
JAVA_HOME=C:\Program Files\Java\jdk1.8.0_31
CLASSPATH=C:\Program Files\Java\jdk1.8.0_31\lib;.
PATH=C:/Program Files/Java/jdk1.8.0_31/bin/../jre/bin/server;C:/Program Files/Java/jdk1.8.0_31/bin/../jre/bin;C:/Program Files/Java/jdk1.8.0_31/bin/../jre/lib/amd64;C:\Program Files (x86)\Intel\iCLS Client\;C:\Program Files\Intel\iCLS Client\;C:\Program Files\Java\jdk1.8.0_31\bin;C:\Program Files\TortoiseGit\bin;C:\Program Files (x86)\Intel\OpenCL SDK\2.0\bin\x86;C:\Program Files (x86)\Intel\OpenCL SDK\2.0\bin\x64;C:\Program Files\MySQL\MySQL Utilities 1.6\;C:\Program Files\Intel\Intel(R) Management Engine Components\DAL;C:\Program Files (x86)\Intel\Intel(R) Management Engine Components\DAL;C:\Program Files\Intel\Intel(R) Management Engine Components\IPT;C:\Program Files (x86)\Intel\Intel(R) Management Engine Components\IPT;C:\Program Files (x86)\Microsoft SQL Server\Client SDK\ODBC\130\Tools\Binn\;C:\Program Files (x86)\Microsoft SQL Server\130\Tools\Binn\;C:\Program Files (x86)\Microsoft SQL Server\130\DTS\Binn\;C:\Program Files (x86)\Microsoft SQL Server\130\Tools\Binn\ManagementStudio\;D:\gradle-3.2-all\gradle-3.2\bin;C:\Program Files (x86)\Microsoft SQL Server\100\Tools\Binn\;C:\Program Files\Microsoft SQL Server\100\Tools\Binn\;C:\Program Files\Microsoft SQL Server\100\DTS\Binn\;C:\Program Files (x86)\Microsoft SQL Server\100\Tools\Binn\VSShell\Common7\IDE\;C:\Program Files (x86)\Microsoft SQL Server\100\DTS\Binn\;C:\WINDOWS\system32;C:\WINDOWS;C:\WINDOWS\System32\Wbem;C:\WINDOWS\System32\WindowsPowerShell\v1.0\;C:\Users\Administrator\AppData\Local\Microsoft\WindowsApps;;C:\Users\Administrator\Desktop;
USERNAME=Administrator
OS=Windows_NT
PROCESSOR_IDENTIFIER=Intel64 Family 6 Model 58 Stepping 9, GenuineIntel



---------------  S Y S T E M  ---------------

OS: Windows 8.1 , 64 bit Build 9600 

CPU:total 4 (2 cores per cpu, 2 threads per core) family 6 model 58 stepping 9, cmov, cx8, fxsr, mmx, sse, sse2, sse3, ssse3, sse4.1, sse4.2, popcnt, avx, aes, clmul, erms, ht, tsc, tscinvbit, tscinv

Memory: 4k page, physical 4052580k(265780k free), swap 11811876k(92k free)

vm_info: Java HotSpot(TM) 64-Bit Server VM (25.31-b07) for windows-amd64 JRE (1.8.0_31-b13), built on Dec 17 2014 21:00:28 by "java_re" with MS VC++ 10.0 (VS2010)

time: Mon Jul 24 15:56:07 2017
elapsed time: 827 seconds (0d 0h 13m 47s)

